Sun Apr 05 17:14:15 IST 2015 jHTTPp2 proxy server startup...
Sun Apr 05 17:14:15 IST 2015 getServerProperties(): server.properties (No such file or directory)
Sun Apr 05 17:14:15 IST 2015 Error occured during configuration read, trying to save configuration...
Sun Apr 05 17:14:15 IST 2015 Configuration saved successfully
Sun Apr 05 17:14:15 IST 2015 Server running on port 8088
Sun Apr 05 17:17:36 IST 2015 jHTTPp2 proxy server startup...
Sun Apr 05 17:19:49 IST 2015 Server running on port 8088
Sun Apr 05 17:22:27 IST 2015 jHTTPp2 proxy server startup...
Sun Apr 05 17:22:27 IST 2015 Server running on port 8088
Sun Apr 05 17:36:00 IST 2015 jHTTPp2 proxy server startup...
Sun Apr 05 17:36:08 IST 2015 Server running on port 8088
Sun Apr 05 17:36:56 IST 2015 jHTTPp2 proxy server startup...
Sun Apr 05 17:37:17 IST 2015 Server running on port 8088
Sun Apr 05 17:39:25 IST 2015 jHTTPp2 proxy server startup...
Sun Apr 05 17:39:28 IST 2015 Server running on port 8088
Sun Apr 05 17:40:48 IST 2015 jHTTPp2 proxy server startup...
Sun Apr 05 17:40:50 IST 2015 Server running on port 8088
Sun Apr 05 20:05:46 IST 2015 jHTTPp2 proxy server startup...
Sun Apr 05 20:05:49 IST 2015 Server running on port 8088
Mon Apr 06 00:33:03 IST 2015 jHTTPp2 proxy server startup...
Mon Apr 06 00:33:06 IST 2015 Server running on port 8088
Mon Apr 06 00:34:34 IST 2015 jHTTPp2 proxy server startup...
Mon Apr 06 00:34:37 IST 2015 Server running on port 8088
Mon Apr 06 07:05:29 IST 2015 jHTTPp2 proxy server startup...
Mon Apr 06 07:05:33 IST 2015 Server running on port 8088
Mon Apr 06 07:08:50 IST 2015 jHTTPp2 proxy server startup...
Mon Apr 06 07:08:52 IST 2015 Server running on port 8088
Mon Apr 06 07:10:46 IST 2015 jHTTPp2 proxy server startup...
Mon Apr 06 07:10:48 IST 2015 Server running on port 8088
Mon Apr 06 07:20:27 IST 2015 jHTTPp2 proxy server startup...
Mon Apr 06 07:20:30 IST 2015 Server running on port 8088
Mon Apr 06 08:43:54 IST 2015 jHTTPp2 proxy server startup...
Mon Apr 06 08:43:56 IST 2015 Server running on port 8088
Mon Apr 06 08:44:54 IST 2015 jHTTPp2 proxy server startup...
Mon Apr 06 08:44:54 IST 2015 Server running on port 8088
Mon Apr 06 08:45:34 IST 2015 jHTTPp2 proxy server startup...
Mon Apr 06 08:45:39 IST 2015 Server running on port 8088
Mon Apr 06 08:51:00 IST 2015 jHTTPp2 proxy server startup...
Mon Apr 06 08:51:02 IST 2015 Server running on port 8088
Mon Apr 06 08:54:45 IST 2015 jHTTPp2 proxy server startup...
Mon Apr 06 08:54:45 IST 2015 Server running on port 8088
Mon Apr 06 09:00:20 IST 2015 jHTTPp2 proxy server startup...
Mon Apr 06 09:00:24 IST 2015 Server running on port 8088
Mon Apr 06 09:02:11 IST 2015 jHTTPp2 proxy server startup...
Mon Apr 06 09:02:11 IST 2015 Server running on port 8088
Mon Apr 06 09:06:57 IST 2015 jHTTPp2 proxy server startup...
Mon Apr 06 09:06:57 IST 2015 Server running on port 8088
Mon Apr 06 09:08:56 IST 2015 Exception in Jhttpp2Server.serve(): java.io.EOFException
Mon Apr 06 09:12:56 IST 2015 jHTTPp2 proxy server startup...
Mon Apr 06 09:12:56 IST 2015 Server running on port 8088
Mon Apr 06 09:13:26 IST 2015 Exception in Jhttpp2Server.serve(): java.io.EOFException
Mon Apr 06 09:13:35 IST 2015 jHTTPp2 proxy server startup...
Mon Apr 06 09:13:35 IST 2015 Server running on port 8088
Mon Apr 06 09:17:12 IST 2015 jHTTPp2 proxy server startup...
Mon Apr 06 09:17:12 IST 2015 Server running on port 8088
Mon Apr 06 09:19:05 IST 2015 Server running on port 8088
Mon Apr 06 09:19:21 IST 2015 jHTTPp2 proxy server startup...
Mon Apr 06 09:19:21 IST 2015 Server running on port 8088
Mon Apr 06 09:19:24 IST 2015 jHTTPp2 proxy server startup...
Mon Apr 06 09:19:24 IST 2015 The socket 8088 is already in use (Another jHTTPp2 proxy running?) Address already in use
Mon Apr 06 09:22:04 IST 2015 jHTTPp2 proxy server startup...
Mon Apr 06 09:22:04 IST 2015 Server running on port 8088
Mon Apr 06 09:22:54 IST 2015 jHTTPp2 proxy server startup...
Mon Apr 06 09:22:54 IST 2015 Server running on port 8088
Mon Apr 06 09:23:02 IST 2015 jHTTPp2 proxy server startup...
Mon Apr 06 09:23:02 IST 2015 Server running on port 8088
Mon Apr 06 09:24:16 IST 2015 jHTTPp2 proxy server startup...
Mon Apr 06 09:24:16 IST 2015 Server running on port 8088
Mon Apr 06 09:26:07 IST 2015 jHTTPp2 proxy server startup...
Mon Apr 06 09:26:07 IST 2015 Server running on port 8088
Mon Apr 06 09:26:40 IST 2015 Exception in Jhttpp2Server.serve(): java.io.EOFException
Mon Apr 06 09:26:59 IST 2015 jHTTPp2 proxy server startup...
Mon Apr 06 09:26:59 IST 2015 Server running on port 8088
Mon Apr 06 09:29:11 IST 2015 jHTTPp2 proxy server startup...
Mon Apr 06 09:29:11 IST 2015 Server running on port 8088
Mon Apr 06 09:30:33 IST 2015 jHTTPp2 proxy server startup...
Mon Apr 06 09:30:33 IST 2015 Server running on port 8088
Mon Apr 06 23:57:30 IST 2015 jHTTPp2 proxy server startup...
Mon Apr 06 23:57:30 IST 2015 Server running on port 8088
Mon Apr 06 23:59:51 IST 2015 jHTTPp2 proxy server startup...
Mon Apr 06 23:59:51 IST 2015 Server running on port 8088
Tue Apr 07 00:03:30 IST 2015 jHTTPp2 proxy server startup...
Tue Apr 07 00:03:30 IST 2015 Server running on port 8088
Tue Apr 07 00:07:32 IST 2015 jHTTPp2 proxy server startup...
Tue Apr 07 00:07:32 IST 2015 Server running on port 8088
Tue Apr 07 00:08:43 IST 2015 jHTTPp2 proxy server startup...
Tue Apr 07 00:08:43 IST 2015 Server running on port 8088
Tue Apr 07 00:10:12 IST 2015 jHTTPp2 proxy server startup...
Tue Apr 07 00:10:12 IST 2015 The socket 8088 is already in use (Another jHTTPp2 proxy running?) Address already in use
Tue Apr 07 00:10:29 IST 2015 jHTTPp2 proxy server startup...
Tue Apr 07 00:10:29 IST 2015 Server running on port 8088
Tue Apr 07 00:22:51 IST 2015 jHTTPp2 proxy server startup...
Tue Apr 07 00:22:51 IST 2015 Server running on port 8088
Tue Apr 07 00:32:03 IST 2015 jHTTPp2 proxy server startup...
Tue Apr 07 00:32:03 IST 2015 Server running on port 8088
Tue Apr 07 07:53:13 IST 2015 jHTTPp2 proxy server startup...
Tue Apr 07 07:53:13 IST 2015 Server running on port 8088
Tue Apr 07 08:30:51 IST 2015 jHTTPp2 proxy server startup...
Tue Apr 07 08:30:51 IST 2015 Server running on port 8088
Tue Apr 07 08:33:42 IST 2015 jHTTPp2 proxy server startup...
Tue Apr 07 08:33:42 IST 2015 Server running on port 8088
Tue Apr 07 08:35:50 IST 2015 jHTTPp2 proxy server startup...
Tue Apr 07 08:35:50 IST 2015 Server running on port 8088
Tue Apr 07 08:36:20 IST 2015 Jhttpp2HTTPSession.run(); null
Tue Apr 07 08:36:21 IST 2015 Jhttpp2HTTPSession.run(); null
Tue Apr 07 08:43:23 IST 2015 jHTTPp2 proxy server startup...
Tue Apr 07 08:43:23 IST 2015 Server running on port 8088
Tue Apr 07 08:43:37 IST 2015 Jhttpp2HTTPSession.run(); null
Tue Apr 07 08:45:03 IST 2015 jHTTPp2 proxy server startup...
Tue Apr 07 08:45:03 IST 2015 Server running on port 8088
Tue Apr 07 08:47:22 IST 2015 jHTTPp2 proxy server startup...
Tue Apr 07 08:47:22 IST 2015 Server running on port 8088
Tue Apr 07 08:47:26 IST 2015 jHTTPp2 proxy server startup...
Tue Apr 07 08:47:26 IST 2015 Server running on port 8088
Tue Apr 07 08:50:29 IST 2015 jHTTPp2 proxy server startup...
Tue Apr 07 08:50:29 IST 2015 Server running on port 8088
Tue Apr 07 18:10:50 IST 2015 jHTTPp2 proxy server startup...
Tue Apr 07 18:10:51 IST 2015 Server running on port 8088
Tue Apr 07 22:36:05 IST 2015 jHTTPp2 proxy server startup...
Tue Apr 07 22:36:05 IST 2015 Server running on port 8088
Tue Apr 07 22:43:09 IST 2015 jHTTPp2 proxy server startup...
Tue Apr 07 22:43:09 IST 2015 The socket 8088 is already in use (Another jHTTPp2 proxy running?) Address already in use: JVM_Bind
Tue Apr 07 22:49:11 IST 2015 jHTTPp2 proxy server startup...
Tue Apr 07 22:49:11 IST 2015 Server running on port 8088
Wed Apr 08 07:33:50 IST 2015 jHTTPp2 proxy server startup...
Wed Apr 08 07:33:50 IST 2015 Server running on port 8088
Wed Apr 08 11:39:45 IST 2015 jHTTPp2 proxy server startup...
Wed Apr 08 11:39:45 IST 2015 Server running on port 8088
Wed Apr 08 11:51:35 IST 2015 jHTTPp2 proxy server startup...
Wed Apr 08 11:51:35 IST 2015 Server running on port 8088
Wed Apr 08 12:30:35 IST 2015 jHTTPp2 proxy server startup...
Wed Apr 08 12:30:35 IST 2015 Server running on port 8088
Wed Apr 08 18:04:03 IST 2015 jHTTPp2 proxy server startup...
Wed Apr 08 18:04:03 IST 2015 Server running on port 8088
Wed Apr 08 23:28:20 IST 2015 jHTTPp2 proxy server startup...
Wed Apr 08 23:28:20 IST 2015 Server running on port 8088
Fri Apr 10 11:07:25 IST 2015 jHTTPp2 proxy server startup...
Fri Apr 10 11:07:25 IST 2015 Server running on port 8088
Fri Apr 10 12:20:55 IST 2015 jHTTPp2 proxy server startup...
Fri Apr 10 12:20:55 IST 2015 Server running on port 8088
Fri Apr 10 23:10:08 IST 2015 jHTTPp2 proxy server startup...
Fri Apr 10 23:10:08 IST 2015 Server running on port 8088
Tue Apr 28 17:19:57 IST 2015 jHTTPp2 proxy server startup...
Tue Apr 28 17:19:57 IST 2015 Server running on port 8088
Tue Apr 28 17:37:56 IST 2015 jHTTPp2 proxy server startup...
Tue Apr 28 17:37:56 IST 2015 The socket 8088 is already in use (Another jHTTPp2 proxy running?) Address already in use: JVM_Bind
Wed May 27 19:46:16 IST 2015 jHTTPp2 proxy server startup...
Wed May 27 19:46:17 IST 2015 Server running on port 8088
Wed May 27 19:50:23 IST 2015 jHTTPp2 proxy server startup...
Wed May 27 19:50:23 IST 2015 The socket 8088 is already in use (Another jHTTPp2 proxy running?) Address already in use: JVM_Bind
Wed May 27 20:01:43 IST 2015 jHTTPp2 proxy server startup...
Wed May 27 20:01:43 IST 2015 The socket 8088 is already in use (Another jHTTPp2 proxy running?) Address already in use: JVM_Bind
Wed May 27 20:01:48 IST 2015 jHTTPp2 proxy server startup...
Wed May 27 20:01:48 IST 2015 The socket 8088 is already in use (Another jHTTPp2 proxy running?) Address already in use: JVM_Bind
Thu May 28 06:00:51 IST 2015 jHTTPp2 proxy server startup...
Thu May 28 06:00:51 IST 2015 Server running on port 8088
Thu May 28 06:13:01 IST 2015 jHTTPp2 proxy server startup...
Thu May 28 06:13:01 IST 2015 Server running on port 8088
Thu May 28 06:22:28 IST 2015 jHTTPp2 proxy server startup...
Thu May 28 06:22:28 IST 2015 Server running on port 8088
Thu May 28 06:46:20 IST 2015 jHTTPp2 proxy server startup...
Thu May 28 06:46:20 IST 2015 Server running on port 8088
Thu May 28 06:58:59 IST 2015 jHTTPp2 proxy server startup...
Thu May 28 06:58:59 IST 2015 Server running on port 8088
Thu May 28 07:01:35 IST 2015 jHTTPp2 proxy server startup...
Thu May 28 07:01:35 IST 2015 Server running on port 8088
Fri May 29 09:45:07 IST 2015 jHTTPp2 proxy server startup...
Fri May 29 09:45:07 IST 2015 Server running on port 8088
Fri May 29 13:24:12 IST 2015 jHTTPp2 proxy server startup...
Fri May 29 13:24:12 IST 2015 Server running on port 8088
Sat Dec 12 16:17:32 IST 2015 jHTTPp2 proxy server startup...
Sat Dec 12 16:17:32 IST 2015 Server running on port 8088
Sun Apr 17 17:17:10 IST 2016 jHTTPp2 proxy server startup...
Sun Apr 17 17:17:11 IST 2016 Server running on port 8088
Sun Apr 17 17:17:49 IST 2016 jHTTPp2 proxy server startup...
Sun Apr 17 17:17:49 IST 2016 The socket 8088 is already in use (Another jHTTPp2 proxy running?) Address already in use: JVM_Bind
Sun Apr 17 17:18:33 IST 2016 jHTTPp2 proxy server startup...
Sun Apr 17 17:18:33 IST 2016 The socket 8088 is already in use (Another jHTTPp2 proxy running?) Address already in use: JVM_Bind
Sun Apr 17 19:13:19 IST 2016 jHTTPp2 proxy server startup...
Sun Apr 17 19:13:20 IST 2016 The socket 8088 is already in use (Another jHTTPp2 proxy running?) Address already in use: JVM_Bind
